<?xml version="1.0" encoding="UTF-8"?>
<!-- Generated by org.testng.reporters.JUnitReportReporter -->
<testsuite hostname="LAPTOP-HK8QK20C" failures="0" tests="1" name="com.dummy.demo.FlixBusBooking" time="0.006" errors="0" timestamp="2022-10-25T16:05:28 IST" skipped="0">
  <testcase classname="com.dummy.demo.FlixBusBooking" name="love" time="0.006"/>
  <system-out/>
</testsuite> <!-- com.dummy.demo.FlixBusBooking -->
