<?xml version="1.0" encoding="UTF-8"?>
<!-- Generated by org.testng.reporters.JUnitReportReporter -->
<testsuite hostname="LAPTOP-HK8QK20C" failures="0" tests="1" name="com.dummy.demo.FlexibusBookingModified" time="567.663" errors="0" timestamp="2022-10-25T22:04:01 IST" skipped="0">
  <testcase classname="com.dummy.demo.FlexibusBookingModified" name="flixBusBookingForTripText" time="567.663"/>
  <system-out/>
</testsuite> <!-- com.dummy.demo.FlexibusBookingModified -->
