<?xml version="1.0" encoding="UTF-8"?>
<!-- Generated by org.testng.reporters.JUnitReportReporter -->
<testsuite hostname="LAPTOP-HK8QK20C" failures="0" tests="1" name="com.dummy.demo.NykaaXpath" time="8.456" errors="0" timestamp="2022-10-23T18:17:03 IST" skipped="0">
  <testcase classname="com.dummy.demo.NykaaXpath" name="xpathOfNykaaApp" time="8.456"/>
  <system-out/>
</testsuite> <!-- com.dummy.demo.NykaaXpath -->
