<?xml version="1.0" encoding="UTF-8"?>
<!-- Generated by org.testng.reporters.JUnitReportReporter -->
<testsuite hostname="LAPTOP-HK8QK20C" failures="0" tests="1" name="com.dummy.demo.MicTestHandlePopUp" time="13.499" errors="0" timestamp="2022-10-25T11:53:57 IST" skipped="0">
  <testcase classname="com.dummy.demo.MicTestHandlePopUp" name="testMiceHandlePopUpTest" time="13.499"/>
  <system-out/>
</testsuite> <!-- com.dummy.demo.MicTestHandlePopUp -->
