<?xml version="1.0" encoding="UTF-8"?>
<!-- Generated by org.testng.reporters.JUnitReportReporter -->
<testsuite hostname="LAPTOP-HK8QK20C" failures="0" tests="1" name="com.dummy.demo.HandleWindowByGetWindowHandle" time="27.711" errors="0" timestamp="2022-10-21T17:14:37 IST" skipped="0">
  <testcase classname="com.dummy.demo.HandleWindowByGetWindowHandle" name="openNewWindowAndClose" time="27.711"/>
  <system-out/>
</testsuite> <!-- com.dummy.demo.HandleWindowByGetWindowHandle -->
