<?xml version="1.0" encoding="UTF-8"?>
<!-- Generated by org.testng.reporters.JUnitReportReporter -->
<testsuite hostname="LAPTOP-HK8QK20C" failures="0" tests="1" name="com.dummy.demo.YatraComXpath" time="11.946" errors="0" timestamp="2022-10-19T11:48:55 IST" skipped="0">
  <testcase classname="com.dummy.demo.YatraComXpath" name="yatraXpathForDateTest" time="11.946"/>
  <system-out/>
</testsuite> <!-- com.dummy.demo.YatraComXpath -->
